Using pre-set license
Built from '6000.0/staging' branch; Version is '6000.0.48f1 (170d2541580d) revision 1510693'; Using compiler version '193933523'; Build Type 'Release'
OS: 'Windows 11  (10.0.26100) 64bit Professional' Language: 'pt' Physical Memory: 3737 MB
BatchMode: 1, IsHumanControllingUs: 0, StartBugReporterOnCrash: 0, Is64bit: 1, IsPro: 1

COMMAND LINE ARGUMENTS:
C:\Program Files\Unity\Hub\Editor\6000.0.48f1\Editor\Unity.exe
-adb2
-batchMode
-noUpm
-name
AssetImportWorker0
-projectPath
C:/Users/Lenovo/OneDrive/Documentos/versaoTCC/versaoTCC
-logFile
Logs/AssetImportWorker0.log
-srvPort
58570
-job-worker-count
1
-background-job-worker-count
8
-gc-helper-count
1
Successfully changed project path to: C:/Users/Lenovo/OneDrive/Documentos/versaoTCC/versaoTCC
C:/Users/Lenovo/OneDrive/Documentos/versaoTCC/versaoTCC
[UnityMemory] Configuration Parameters - Can be set up in boot.config
    "memorysetup-bucket-allocator-granularity=16"
    "memorysetup-bucket-allocator-bucket-count=8"
    "memorysetup-bucket-allocator-block-size=33554432"
    "memorysetup-bucket-allocator-block-count=8"
    "memorysetup-main-allocator-block-size=16777216"
    "memorysetup-thread-allocator-block-size=16777216"
    "memorysetup-gfx-main-allocator-block-size=16777216"
    "memorysetup-gfx-thread-allocator-block-size=16777216"
    "memorysetup-cache-allocator-block-size=4194304"
    "memorysetup-typetree-allocator-block-size=2097152"
    "memorysetup-profiler-bucket-allocator-granularity=16"
    "memorysetup-profiler-bucket-allocator-bucket-count=8"
    "memorysetup-profiler-bucket-allocator-block-size=33554432"
    "memorysetup-profiler-bucket-allocator-block-count=8"
    "memorysetup-profiler-allocator-block-size=16777216"
    "memorysetup-profiler-editor-allocator-block-size=1048576"
    "memorysetup-temp-allocator-size-main=16777216"
    "memorysetup-job-temp-allocator-block-size=2097152"
    "memorysetup-job-temp-allocator-block-size-background=1048576"
    "memorysetup-job-temp-allocator-reduction-small-platforms=262144"
    "memorysetup-allocator-temp-initial-block-size-main=262144"
    "memorysetup-allocator-temp-initial-block-size-worker=262144"
    "memorysetup-temp-allocator-size-background-worker=32768"
    "memorysetup-temp-allocator-size-job-worker=262144"
    "memorysetup-temp-allocator-size-preload-manager=33554432"
    "memorysetup-temp-allocator-size-nav-mesh-worker=65536"
    "memorysetup-temp-allocator-size-audio-worker=65536"
    "memorysetup-temp-allocator-size-cloud-worker=32768"
    "memorysetup-temp-allocator-size-gi-baking-worker=262144"
    "memorysetup-temp-allocator-size-gi-baking-worker=262144"
    "memorysetup-temp-allocator-size-gi-baking-worker=262144"
    "memorysetup-temp-allocator-size-gi-baking-worker=262144"
    "memorysetup-temp-allocator-size-gi-baking-worker=262144"
    "memorysetup-temp-allocator-size-gfx=262144"
Player connection [15216]  Target information:

Player connection [15216]  * "[IP] 10.0.0.120 [Port] 0 [Flags] 2 [Guid] 2591309405 [EditorId] 2591309405 [Version] 1048832 [Id] WindowsEditor(7,DESKTOP-5JIOCJN) [Debug] 1 [PackageName] WindowsEditor [ProjectName] Editor" 

Player connection [15216] Host joined multi-casting on [225.0.0.222:54997]...
Player connection [15216] Host joined alternative multi-casting on [225.0.0.222:34997]...
JobSystem: Creating JobQueue using job-worker-count value 1
Input System module state changed to: Initialized.
[Physics::Module] Initialized fallback backend.
[Physics::Module] Id: 0xdecafbad
Library Redirect Path: Library/
[Physics::Module] Selected backend.
[Physics::Module] Name: PhysX
[Physics::Module] Id: 0xf2b8ea05
[Physics::Module] SDK Version: 4.1.2
[Physics::Module] Integration Version: 1.0.0
[Physics::Module] Threading Mode: Multi-Threaded
Refreshing native plugins compatible for Editor in 64.56 ms, found 6 plugins.
Preloading 0 native plugins for Editor in 0.00 ms.
Initialize engine version: 6000.0.48f1 (170d2541580d)
[Subsystems] Discovering subsystems at path C:/Program Files/Unity/Hub/Editor/6000.0.48f1/Editor/Data/Resources/UnitySubsystems
[Subsystems] Discovering subsystems at path C:/Users/Lenovo/OneDrive/Documentos/versaoTCC/versaoTCC/Assets
GfxDevice: creating device client; kGfxThreadingModeNonThreaded
Direct3D:
    Version:  Direct3D 11.0 [level 11.1]
    Renderer: Intel(R) UHD Graphics 600 (ID=0x3185)
    Vendor:   Intel
    VRAM:     1868 MB
    Driver:   31.0.101.1999
Initialize mono
Mono path[0] = 'C:/Program Files/Unity/Hub/Editor/6000.0.48f1/Editor/Data/Managed'
Mono path[1] = 'C:/Program Files/Unity/Hub/Editor/6000.0.48f1/Editor/Data/MonoBleedingEdge/lib/mono/unityjit-win32'
Mono config path = 'C:/Program Files/Unity/Hub/Editor/6000.0.48f1/Editor/Data/MonoBleedingEdge/etc'
Using monoOptions --debugger-agent=transport=dt_socket,embedding=1,server=y,suspend=n,address=127.0.0.1:56824
Begin MonoManager ReloadAssembly
Registering precompiled unity dll's ...
Register platform support module: C:/Program Files/Unity/Hub/Editor/6000.0.48f1/Editor/Data/PlaybackEngines/WindowsStandaloneSupport/UnityEditor.WindowsStandalone.Extensions.dll
Registered in 0.023707 seconds.
- Loaded All Assemblies, in 17.331 seconds
Native extension for WindowsStandalone target not found
Mono: successfully reloaded assembly
- Finished resetting the current domain, in 11.593 seconds
Domain Reload Profiling: 28918ms
	BeginReloadAssembly (2333ms)
		ExecutionOrderSort (0ms)
		DisableScriptedObjects (0ms)
		BackupInstance (0ms)
		ReleaseScriptingObjects (0ms)
		CreateAndSetChildDomain (4ms)
	RebuildCommonClasses (201ms)
	RebuildNativeTypeToScriptingClass (49ms)
	initialDomainReloadingComplete (260ms)
	LoadAllAssembliesAndSetupDomain (14477ms)
		LoadAssemblies (2320ms)
		RebuildTransferFunctionScriptingTraits (0ms)
		AnalyzeDomain (14443ms)
			TypeCache.Refresh (13918ms)
				TypeCache.ScanAssembly (13549ms)
			BuildScriptInfoCaches (17ms)
			ResolveRequiredComponents (492ms)
	FinalizeReload (11597ms)
		ReleaseScriptCaches (0ms)
		RebuildScriptCaches (0ms)
		SetupLoadedEditorAssemblies (8093ms)
			LogAssemblyErrors (0ms)
			InitializePlatformSupportModulesInManaged (147ms)
			SetLoadedEditorAssemblies (65ms)
			BeforeProcessingInitializeOnLoad (801ms)
			ProcessInitializeOnLoadAttributes (6039ms)
			ProcessInitializeOnLoadMethodAttributes (1040ms)
			AfterProcessingInitializeOnLoad (0ms)
			EditorAssembliesLoaded (0ms)
		ExecutionOrderSort2 (0ms)
		AwakeInstancesAfterBackupRestoration (0ms)
========================================================================
Worker process is ready to serve import requests
Import Worker Mode flag is 0x00
Begin MonoManager ReloadAssembly
Symbol file LoadedFromMemory is not a mono symbol file
- Loaded All Assemblies, in 25.302 seconds
Refreshing native plugins compatible for Editor in 1079.16 ms, found 6 plugins.
Native extension for WindowsStandalone target not found
Refreshing native plugins compatible for Editor in 567.06 ms, found 6 plugins.
Mono: successfully reloaded assembly
- Finished resetting the current domain, in 43.049 seconds
Domain Reload Profiling: 68213ms
	BeginReloadAssembly (5029ms)
		ExecutionOrderSort (0ms)
		DisableScriptedObjects (509ms)
		BackupInstance (0ms)
		ReleaseScriptingObjects (37ms)
		CreateAndSetChildDomain (1221ms)
	RebuildCommonClasses (187ms)
	RebuildNativeTypeToScriptingClass (95ms)
	initialDomainReloadingComplete (773ms)
	LoadAllAssembliesAndSetupDomain (19076ms)
		LoadAssemblies (9735ms)
		RebuildTransferFunctionScriptingTraits (0ms)
		AnalyzeDomain (11064ms)
			TypeCache.Refresh (8086ms)
				TypeCache.ScanAssembly (6578ms)
			BuildScriptInfoCaches (2840ms)
			ResolveRequiredComponents (84ms)
	FinalizeReload (43052ms)
		ReleaseScriptCaches (0ms)
		RebuildScriptCaches (0ms)
		SetupLoadedEditorAssemblies (39482ms)
			LogAssemblyErrors (0ms)
			InitializePlatformSupportModulesInManaged (49ms)
			SetLoadedEditorAssemblies (104ms)
			BeforeProcessingInitializeOnLoad (5081ms)
			ProcessInitializeOnLoadAttributes (18361ms)
			ProcessInitializeOnLoadMethodAttributes (15656ms)
			AfterProcessingInitializeOnLoad (216ms)
			EditorAssembliesLoaded (15ms)
		ExecutionOrderSort2 (0ms)
		AwakeInstancesAfterBackupRestoration (203ms)
Launched and connected shader compiler UnityShaderCompiler.exe after 4.92 seconds
Refreshing native plugins compatible for Editor in 616.32 ms, found 6 plugins.
Preloading 0 native plugins for Editor in 0.00 ms.
Unloading 33 Unused Serialized files (Serialized files now loaded: 0)
Unloading 3524 unused Assets / (175.9 KB). Loaded Objects now: 3993.
Memory consumption went from 87.7 MB to 87.5 MB.
Total: 2684.195800 ms (FindLiveObjects: 10.170000 ms CreateObjectMapping: 9.013300 ms MarkObjects: 2606.875500 ms  DeleteObjects: 57.845800 ms)

========================================================================
Received Import Request.
  Time since last request: 325008.071361 seconds.
  path: Assets/Figma/Components/botRoxo.prefab
  artifactKey: Guid(7f3332eab7682944cb7c47d7eda6ca8f) Importer(815301076,1909f56bfc062723c751e8b465ee728b)
Start importing Assets/Figma/Components/botRoxo.prefab using Guid(7f3332eab7682944cb7c47d7eda6ca8f) Importer(815301076,1909f56bfc062723c751e8b465ee728b) (PreviewImporter) -> (artifact id: 'fe62bb24d8ab24190a3defaae2f43a48') in 3.3804183 seconds
Number of updated asset objects reloaded before import = 0Number of asset objects unloaded after import = 7

========================================================================
Received Import Request.
  Time since last request: 0.011675 seconds.
  path: Assets/Figma/Components/bordaValTotal.prefab
  artifactKey: Guid(9cda5faa8e673b042ba8a62a9c611ef2) Importer(815301076,1909f56bfc062723c751e8b465ee728b)
Start importing Assets/Figma/Components/bordaValTotal.prefab using Guid(9cda5faa8e673b042ba8a62a9c611ef2) Importer(815301076,1909f56bfc062723c751e8b465ee728b) (PreviewImporter) -> (artifact id: '5891e4cc22f9a97d0345f359c2eeacb6') in 0.0532761 seconds
Number of updated asset objects reloaded before import = 0Number of asset objects unloaded after import = 12

========================================================================
Received Import Request.
  Time since last request: 0.001260 seconds.
  path: Assets/Figma/Components/botAzul.prefab
  artifactKey: Guid(3e6487c1a9298224b856f900ad8db37f) Importer(815301076,1909f56bfc062723c751e8b465ee728b)
Start importing Assets/Figma/Components/botAzul.prefab using Guid(3e6487c1a9298224b856f900ad8db37f) Importer(815301076,1909f56bfc062723c751e8b465ee728b) (PreviewImporter) -> (artifact id: 'b3eec334df43432b5f88aae8300d8467') in 0.0135006 seconds
Number of updated asset objects reloaded before import = 0Number of asset objects unloaded after import = 7

========================================================================
Received Import Request.
  Time since last request: 0.000038 seconds.
  path: Assets/Figma/Components/fundFalse.prefab
  artifactKey: Guid(7e3aa8fb0cf0cab439adbe75b8da3288) Importer(815301076,1909f56bfc062723c751e8b465ee728b)
Start importing Assets/Figma/Components/fundFalse.prefab using Guid(7e3aa8fb0cf0cab439adbe75b8da3288) Importer(815301076,1909f56bfc062723c751e8b465ee728b) (PreviewImporter) -> (artifact id: '9cfc0d56c1ffb880b075c8b932289de4') in 0.0131964 seconds
Number of updated asset objects reloaded before import = 0Number of asset objects unloaded after import = 7

========================================================================
Received Import Request.
  Time since last request: 0.000333 seconds.
  path: Assets/Scenes/MatDouradoRomanos.unity
  artifactKey: Guid(73579ecdc85ac5a46935faaa28504ccd) Importer(815301076,1909f56bfc062723c751e8b465ee728b)
Start importing Assets/Scenes/MatDouradoRomanos.unity using Guid(73579ecdc85ac5a46935faaa28504ccd) Importer(815301076,1909f56bfc062723c751e8b465ee728b) (PreviewImporter) -> (artifact id: '13bfaef6a3f92fe3dcb75f9bc808262c') in 0.0021003 seconds
Number of updated asset objects reloaded before import = 0Number of asset objects unloaded after import = 0

========================================================================
Received Import Request.
  Time since last request: 0.000039 seconds.
  path: Assets/Figma/Components/roxo.prefab
  artifactKey: Guid(e0df6e0fdb3f78a4fbfd1dd7d613b203) Importer(815301076,1909f56bfc062723c751e8b465ee728b)
Start importing Assets/Figma/Components/roxo.prefab using Guid(e0df6e0fdb3f78a4fbfd1dd7d613b203) Importer(815301076,1909f56bfc062723c751e8b465ee728b) (PreviewImporter) -> (artifact id: '9fded60dd25a226d788b4f53bb9c1134') in 0.0391929 seconds
Number of updated asset objects reloaded before import = 0Number of asset objects unloaded after import = 7

========================================================================
Received Import Request.
  Time since last request: 0.000634 seconds.
  path: Assets/Figma/Components/azul.prefab
  artifactKey: Guid(f22b7a6d16beeda4caa2313acb48d701) Importer(815301076,1909f56bfc062723c751e8b465ee728b)
Start importing Assets/Figma/Components/azul.prefab using Guid(f22b7a6d16beeda4caa2313acb48d701) Importer(815301076,1909f56bfc062723c751e8b465ee728b) (PreviewImporter) -> (artifact id: '31c41c686707034574feccc62a137ff9') in 0.0073408 seconds
Number of updated asset objects reloaded before import = 0Number of asset objects unloaded after import = 7

========================================================================
Received Import Request.
  Time since last request: 0.000053 seconds.
  path: Assets/Figma/Components/fundTrue.prefab
  artifactKey: Guid(a72ba222f862c4f40bf5efc479c13ccd) Importer(815301076,1909f56bfc062723c751e8b465ee728b)
Start importing Assets/Figma/Components/fundTrue.prefab using Guid(a72ba222f862c4f40bf5efc479c13ccd) Importer(815301076,1909f56bfc062723c751e8b465ee728b) (PreviewImporter) -> (artifact id: '398e56c9837ecad0593671fa37272c7f') in 0.0068052 seconds
Number of updated asset objects reloaded before import = 0Number of asset objects unloaded after import = 7

========================================================================
Received Import Request.
  Time since last request: 0.000041 seconds.
  path: Assets/Figma/Components/bot verde.prefab
  artifactKey: Guid(9cae3b718c224a243a0cadc7e7c85517) Importer(815301076,1909f56bfc062723c751e8b465ee728b)
Start importing Assets/Figma/Components/bot verde.prefab using Guid(9cae3b718c224a243a0cadc7e7c85517) Importer(815301076,1909f56bfc062723c751e8b465ee728b) (PreviewImporter) -> (artifact id: '31cdd5cf8ba1099157fecfa43fedfe82') in 0.0060693 seconds
Number of updated asset objects reloaded before import = 0Number of asset objects unloaded after import = 7

========================================================================
Received Import Request.
  Time since last request: 299.034797 seconds.
  path: Assets/Figma/ServerRenderedImages/154_28.png
  artifactKey: Guid(a2e2db117f321dc4e86a64d1c3a4190f) Importer(815301076,1909f56bfc062723c751e8b465ee728b)
Start importing Assets/Figma/ServerRenderedImages/154_28.png using Guid(a2e2db117f321dc4e86a64d1c3a4190f) Importer(815301076,1909f56bfc062723c751e8b465ee728b) (PreviewImporter) -> (artifact id: 'd6b62abe66b10bd8e04b2e0d8cd1acc4') in 24.6314374 seconds
Number of updated asset objects reloaded before import = 0Number of asset objects unloaded after import = 2

========================================================================
Received Import Request.
  Time since last request: 0.000514 seconds.
  path: Assets/Figma/ServerRenderedImages/154_35.png
  artifactKey: Guid(17c879e2dd1eead41862dbe73490099c) Importer(815301076,1909f56bfc062723c751e8b465ee728b)
Start importing Assets/Figma/ServerRenderedImages/154_35.png using Guid(17c879e2dd1eead41862dbe73490099c) Importer(815301076,1909f56bfc062723c751e8b465ee728b) (PreviewImporter) -> (artifact id: 'f912ad298fd3f95cbc639f444b21a647') in 0.0428223 seconds
Number of updated asset objects reloaded before import = 0Number of asset objects unloaded after import = 2

========================================================================
Received Import Request.
  Time since last request: 0.000038 seconds.
  path: Assets/Figma/ServerRenderedImages/154_29.png
  artifactKey: Guid(f51fbba547e44894abc44f108f267b3a) Importer(815301076,1909f56bfc062723c751e8b465ee728b)
Start importing Assets/Figma/ServerRenderedImages/154_29.png using Guid(f51fbba547e44894abc44f108f267b3a) Importer(815301076,1909f56bfc062723c751e8b465ee728b) (PreviewImporter) -> (artifact id: 'ed1f8d3c596a33a994a299720dca7015') in 0.041406 seconds
Number of updated asset objects reloaded before import = 0Number of asset objects unloaded after import = 2

========================================================================
Received Import Request.
  Time since last request: 0.000034 seconds.
  path: Assets/Figma/ServerRenderedImages/154_34.png
  artifactKey: Guid(9ccbc0aa08898e64fba4441fe509c361) Importer(815301076,1909f56bfc062723c751e8b465ee728b)
Start importing Assets/Figma/ServerRenderedImages/154_34.png using Guid(9ccbc0aa08898e64fba4441fe509c361) Importer(815301076,1909f56bfc062723c751e8b465ee728b) (PreviewImporter) -> (artifact id: '8a95cf1f07ef09ae8a69a4133416f73c') in 0.054473 seconds
Number of updated asset objects reloaded before import = 0Number of asset objects unloaded after import = 2

========================================================================
Received Import Request.
  Time since last request: 0.000050 seconds.
  path: Assets/Figma/ServerRenderedImages/154_36.png
  artifactKey: Guid(3ff58a8b69f91444c912d426203cada4) Importer(815301076,1909f56bfc062723c751e8b465ee728b)
Start importing Assets/Figma/ServerRenderedImages/154_36.png using Guid(3ff58a8b69f91444c912d426203cada4) Importer(815301076,1909f56bfc062723c751e8b465ee728b) (PreviewImporter) -> (artifact id: 'f1d5c29e25043d425771d5238c88d46b') in 0.0668826 seconds
Number of updated asset objects reloaded before import = 0Number of asset objects unloaded after import = 2

========================================================================
Received Import Request.
  Time since last request: 0.000045 seconds.
  path: Assets/Figma/ServerRenderedImages/154_32.png
  artifactKey: Guid(5215b8553f8992d43885cf16ab769af6) Importer(815301076,1909f56bfc062723c751e8b465ee728b)
Start importing Assets/Figma/ServerRenderedImages/154_32.png using Guid(5215b8553f8992d43885cf16ab769af6) Importer(815301076,1909f56bfc062723c751e8b465ee728b) (PreviewImporter) -> (artifact id: 'c76f1d546699524443f3b942e9688038') in 0.0892078 seconds
Number of updated asset objects reloaded before import = 0Number of asset objects unloaded after import = 2

========================================================================
Received Import Request.
  Time since last request: 0.000603 seconds.
  path: Assets/Figma/ServerRenderedImages/154_33.png
  artifactKey: Guid(72ef5fcbf03200f49a89d5bd48bd9734) Importer(815301076,1909f56bfc062723c751e8b465ee728b)
Start importing Assets/Figma/ServerRenderedImages/154_33.png using Guid(72ef5fcbf03200f49a89d5bd48bd9734) Importer(815301076,1909f56bfc062723c751e8b465ee728b) (PreviewImporter) -> (artifact id: 'ee5bc638af7a13387824b513f0372311') in 0.0630602 seconds
Number of updated asset objects reloaded before import = 0Number of asset objects unloaded after import = 2

========================================================================
Received Import Request.
  Time since last request: 0.001022 seconds.
  path: Assets/Figma/ServerRenderedImages/154_37.png
  artifactKey: Guid(dcb7b423341c26b4681f1994cdd14f3b) Importer(815301076,1909f56bfc062723c751e8b465ee728b)
Start importing Assets/Figma/ServerRenderedImages/154_37.png using Guid(dcb7b423341c26b4681f1994cdd14f3b) Importer(815301076,1909f56bfc062723c751e8b465ee728b) (PreviewImporter) -> (artifact id: 'c66f29eab2fe1a55ab1c2c6d6104f845') in 0.0570222 seconds
Number of updated asset objects reloaded before import = 0Number of asset objects unloaded after import = 2

========================================================================
Received Import Request.
  Time since last request: 0.000201 seconds.
  path: Assets/Figma/ServerRenderedImages/154_31.png
  artifactKey: Guid(90efe20b729468441b4639ca145e2267) Importer(815301076,1909f56bfc062723c751e8b465ee728b)
Start importing Assets/Figma/ServerRenderedImages/154_31.png using Guid(90efe20b729468441b4639ca145e2267) Importer(815301076,1909f56bfc062723c751e8b465ee728b) (PreviewImporter) -> (artifact id: '68e0c83500c1e3e3ca2b13a44c8784d7') in 0.0582389 seconds
Number of updated asset objects reloaded before import = 0Number of asset objects unloaded after import = 2

========================================================================
Received Import Request.
  Time since last request: 0.000071 seconds.
  path: Assets/Figma/ServerRenderedImages/154_30.png
  artifactKey: Guid(c0d4347bcd055974fa4e71465a651eba) Importer(815301076,1909f56bfc062723c751e8b465ee728b)
Start importing Assets/Figma/ServerRenderedImages/154_30.png using Guid(c0d4347bcd055974fa4e71465a651eba) Importer(815301076,1909f56bfc062723c751e8b465ee728b) (PreviewImporter) -> (artifact id: 'ee85beb5f4cdeecc42da35f2723ddd29') in 0.0757953 seconds
Number of updated asset objects reloaded before import = 0Number of asset objects unloaded after import = 2

========================================================================
Received Import Request.
  Time since last request: 21.131002 seconds.
  path: Assets/Figma/ServerRenderedImages/154_33.png
  artifactKey: Guid(72ef5fcbf03200f49a89d5bd48bd9734) Importer(815301076,1909f56bfc062723c751e8b465ee728b)
Start importing Assets/Figma/ServerRenderedImages/154_33.png using Guid(72ef5fcbf03200f49a89d5bd48bd9734) Importer(815301076,1909f56bfc062723c751e8b465ee728b) (PreviewImporter) -> (artifact id: 'b44ee941ee66c6646f4862492852534a') in 2.4395622 seconds
Number of updated asset objects reloaded before import = 0Number of asset objects unloaded after import = 3

========================================================================
Received Import Request.
  Time since last request: 2.486353 seconds.
  path: Assets/Figma/ServerRenderedImages/154_34.png
  artifactKey: Guid(9ccbc0aa08898e64fba4441fe509c361) Importer(815301076,1909f56bfc062723c751e8b465ee728b)
Start importing Assets/Figma/ServerRenderedImages/154_34.png using Guid(9ccbc0aa08898e64fba4441fe509c361) Importer(815301076,1909f56bfc062723c751e8b465ee728b) (PreviewImporter) -> (artifact id: '672723236df31f7d5dadf31615eb708b') in 0.2652281 seconds
Number of updated asset objects reloaded before import = 0Number of asset objects unloaded after import = 3

========================================================================
Received Import Request.
  Time since last request: 4.552585 seconds.
  path: Assets/Figma/ServerRenderedImages/154_35.png
  artifactKey: Guid(17c879e2dd1eead41862dbe73490099c) Importer(815301076,1909f56bfc062723c751e8b465ee728b)
Start importing Assets/Figma/ServerRenderedImages/154_35.png using Guid(17c879e2dd1eead41862dbe73490099c) Importer(815301076,1909f56bfc062723c751e8b465ee728b) (PreviewImporter) -> (artifact id: '69abbbd60ff0f9906e2dbac9d32a3aa2') in 1.1882077 seconds
Number of updated asset objects reloaded before import = 0Number of asset objects unloaded after import = 3

========================================================================
Received Import Request.
  Time since last request: 96.731714 seconds.
  path: Assets/Figma/ServerRenderedImages/154_37.png
  artifactKey: Guid(dcb7b423341c26b4681f1994cdd14f3b) Importer(815301076,1909f56bfc062723c751e8b465ee728b)
Start importing Assets/Figma/ServerRenderedImages/154_37.png using Guid(dcb7b423341c26b4681f1994cdd14f3b) Importer(815301076,1909f56bfc062723c751e8b465ee728b) (PreviewImporter) -> (artifact id: 'c5aada253b93973ac89d10ffe51c4279') in 0.051675 seconds
Number of updated asset objects reloaded before import = 0Number of asset objects unloaded after import = 3

========================================================================
Received Import Request.
  Time since last request: 3.534145 seconds.
  path: Assets/Figma/ServerRenderedImages/154_36.png
  artifactKey: Guid(3ff58a8b69f91444c912d426203cada4) Importer(815301076,1909f56bfc062723c751e8b465ee728b)
Start importing Assets/Figma/ServerRenderedImages/154_36.png using Guid(3ff58a8b69f91444c912d426203cada4) Importer(815301076,1909f56bfc062723c751e8b465ee728b) (PreviewImporter) -> (artifact id: '76283b6d7b836566bc176ea4d9c80761') in 0.8240992 seconds
Number of updated asset objects reloaded before import = 0Number of asset objects unloaded after import = 3

========================================================================
Received Import Request.
  Time since last request: 52.076252 seconds.
  path: Assets/Figma/ServerRenderedImages/154_28.png
  artifactKey: Guid(a2e2db117f321dc4e86a64d1c3a4190f) Importer(815301076,1909f56bfc062723c751e8b465ee728b)
Start importing Assets/Figma/ServerRenderedImages/154_28.png using Guid(a2e2db117f321dc4e86a64d1c3a4190f) Importer(815301076,1909f56bfc062723c751e8b465ee728b) (PreviewImporter) -> (artifact id: 'b01db9efe115516dc6458e123eaa14d2') in 0.0773003 seconds
Number of updated asset objects reloaded before import = 0Number of asset objects unloaded after import = 3

========================================================================
Received Import Request.
  Time since last request: 5.149966 seconds.
  path: Assets/Figma/ServerRenderedImages/154_29.png
  artifactKey: Guid(f51fbba547e44894abc44f108f267b3a) Importer(815301076,1909f56bfc062723c751e8b465ee728b)
Start importing Assets/Figma/ServerRenderedImages/154_29.png using Guid(f51fbba547e44894abc44f108f267b3a) Importer(815301076,1909f56bfc062723c751e8b465ee728b) (PreviewImporter) -> (artifact id: '9a32533c15850c18218f02743d23b355') in 0.1612639 seconds
Number of updated asset objects reloaded before import = 0Number of asset objects unloaded after import = 3

========================================================================
Received Import Request.
  Time since last request: 2.684328 seconds.
  path: Assets/Figma/ServerRenderedImages/154_30.png
  artifactKey: Guid(c0d4347bcd055974fa4e71465a651eba) Importer(815301076,1909f56bfc062723c751e8b465ee728b)
Start importing Assets/Figma/ServerRenderedImages/154_30.png using Guid(c0d4347bcd055974fa4e71465a651eba) Importer(815301076,1909f56bfc062723c751e8b465ee728b) (PreviewImporter) -> (artifact id: '0a363085c3efa11d6fd4e1e131d8bb02') in 0.2824163 seconds
Number of updated asset objects reloaded before import = 0Number of asset objects unloaded after import = 3

========================================================================
Received Import Request.
  Time since last request: 3.274573 seconds.
  path: Assets/Figma/ServerRenderedImages/154_31.png
  artifactKey: Guid(90efe20b729468441b4639ca145e2267) Importer(815301076,1909f56bfc062723c751e8b465ee728b)
Start importing Assets/Figma/ServerRenderedImages/154_31.png using Guid(90efe20b729468441b4639ca145e2267) Importer(815301076,1909f56bfc062723c751e8b465ee728b) (PreviewImporter) -> (artifact id: '045c9dcb5ee0f1a44954a07aac570ecc') in 0.0656043 seconds
Number of updated asset objects reloaded before import = 0Number of asset objects unloaded after import = 3

========================================================================
Received Import Request.
  Time since last request: 2.529375 seconds.
  path: Assets/Figma/ServerRenderedImages/154_32.png
  artifactKey: Guid(5215b8553f8992d43885cf16ab769af6) Importer(815301076,1909f56bfc062723c751e8b465ee728b)
Start importing Assets/Figma/ServerRenderedImages/154_32.png using Guid(5215b8553f8992d43885cf16ab769af6) Importer(815301076,1909f56bfc062723c751e8b465ee728b) (PreviewImporter) -> (artifact id: 'df87e5aca2e0fcf2fce14b610d0c98e1') in 1.5144827 seconds
Number of updated asset objects reloaded before import = 0Number of asset objects unloaded after import = 3

========================================================================
Received Prepare
Begin MonoManager ReloadAssembly
Symbol file LoadedFromMemory is not a mono symbol file
- Loaded All Assemblies, in 44.965 seconds
Refreshing native plugins compatible for Editor in 115.41 ms, found 6 plugins.
Native extension for WindowsStandalone target not found
Mono: successfully reloaded assembly
- Finished resetting the current domain, in 18.700 seconds
Domain Reload Profiling: 63672ms
	BeginReloadAssembly (16490ms)
		ExecutionOrderSort (3ms)
		DisableScriptedObjects (829ms)
		BackupInstance (0ms)
		ReleaseScriptingObjects (7ms)
		CreateAndSetChildDomain (10882ms)
	RebuildCommonClasses (257ms)
	RebuildNativeTypeToScriptingClass (89ms)
	initialDomainReloadingComplete (278ms)
	LoadAllAssembliesAndSetupDomain (27844ms)
		LoadAssemblies (23975ms)
		RebuildTransferFunctionScriptingTraits (0ms)
		AnalyzeDomain (6063ms)
			TypeCache.Refresh (400ms)
				TypeCache.ScanAssembly (0ms)
			BuildScriptInfoCaches (5563ms)
			ResolveRequiredComponents (22ms)
	FinalizeReload (18716ms)
		ReleaseScriptCaches (0ms)
		RebuildScriptCaches (0ms)
		SetupLoadedEditorAssemblies (16229ms)
			LogAssemblyErrors (0ms)
			InitializePlatformSupportModulesInManaged (47ms)
			SetLoadedEditorAssemblies (32ms)
			BeforeProcessingInitializeOnLoad (2904ms)
			ProcessInitializeOnLoadAttributes (11701ms)
			ProcessInitializeOnLoadMethodAttributes (1450ms)
			AfterProcessingInitializeOnLoad (92ms)
			EditorAssembliesLoaded (3ms)
		ExecutionOrderSort2 (0ms)
		AwakeInstancesAfterBackupRestoration (133ms)
Refreshing native plugins compatible for Editor in 311.51 ms, found 6 plugins.
Preloading 0 native plugins for Editor in 0.00 ms.
Unloading 0 Unused Serialized files (Serialized files now loaded: 0)
Unloading 3522 unused Assets / (132.0 KB). Loaded Objects now: 4007.
Memory consumption went from 85.7 MB to 85.5 MB.
Total: 238.709000 ms (FindLiveObjects: 2.914100 ms CreateObjectMapping: 1.416000 ms MarkObjects: 167.953300 ms  DeleteObjects: 66.417300 ms)

Prepare: number of updated asset objects reloaded= 0
========================================================================
Received Prepare
Begin MonoManager ReloadAssembly
Symbol file LoadedFromMemory is not a mono symbol file
- Loaded All Assemblies, in 101.243 seconds
Refreshing native plugins compatible for Editor in 85.15 ms, found 6 plugins.
Native extension for WindowsStandalone target not found
Mono: successfully reloaded assembly
- Finished resetting the current domain, in 12.768 seconds
Domain Reload Profiling: 114093ms
	BeginReloadAssembly (54887ms)
		ExecutionOrderSort (977ms)
		DisableScriptedObjects (4436ms)
		BackupInstance (0ms)
		ReleaseScriptingObjects (102ms)
		CreateAndSetChildDomain (26174ms)
	RebuildCommonClasses (487ms)
	RebuildNativeTypeToScriptingClass (168ms)
	initialDomainReloadingComplete (403ms)
	LoadAllAssembliesAndSetupDomain (45390ms)
		LoadAssemblies (34774ms)
		RebuildTransferFunctionScriptingTraits (0ms)
		AnalyzeDomain (22461ms)
			TypeCache.Refresh (9911ms)
				TypeCache.ScanAssembly (0ms)
			BuildScriptInfoCaches (12243ms)
			ResolveRequiredComponents (85ms)
	FinalizeReload (12759ms)
		ReleaseScriptCaches (0ms)
		RebuildScriptCaches (0ms)
		SetupLoadedEditorAssemblies (11511ms)
			LogAssemblyErrors (0ms)
			InitializePlatformSupportModulesInManaged (36ms)
			SetLoadedEditorAssemblies (95ms)
			BeforeProcessingInitializeOnLoad (1966ms)
			ProcessInitializeOnLoadAttributes (7385ms)
			ProcessInitializeOnLoadMethodAttributes (1946ms)
			AfterProcessingInitializeOnLoad (82ms)
			EditorAssembliesLoaded (2ms)
		ExecutionOrderSort2 (1ms)
		AwakeInstancesAfterBackupRestoration (54ms)
Refreshing native plugins compatible for Editor in 124.64 ms, found 6 plugins.
Preloading 0 native plugins for Editor in 0.00 ms.
Unloading 0 Unused Serialized files (Serialized files now loaded: 0)
Unloading 3522 unused Assets / (0.6 MB). Loaded Objects now: 4009.
Memory consumption went from 85.7 MB to 85.1 MB.
Total: 99.156000 ms (FindLiveObjects: 1.994000 ms CreateObjectMapping: 30.612600 ms MarkObjects: 62.361200 ms  DeleteObjects: 4.179400 ms)

Prepare: number of updated asset objects reloaded= 0
========================================================================
Received Prepare
Begin MonoManager ReloadAssembly
Symbol file LoadedFromMemory is not a mono symbol file
- Loaded All Assemblies, in 11.700 seconds
Refreshing native plugins compatible for Editor in 113.53 ms, found 6 plugins.
Native extension for WindowsStandalone target not found
Mono: successfully reloaded assembly
- Finished resetting the current domain, in  7.293 seconds
Domain Reload Profiling: 18975ms
	BeginReloadAssembly (1327ms)
		ExecutionOrderSort (0ms)
		DisableScriptedObjects (26ms)
		BackupInstance (0ms)
		ReleaseScriptingObjects (0ms)
		CreateAndSetChildDomain (238ms)
	RebuildCommonClasses (341ms)
	RebuildNativeTypeToScriptingClass (77ms)
	initialDomainReloadingComplete (204ms)
	LoadAllAssembliesAndSetupDomain (9731ms)
		LoadAssemblies (9133ms)
		RebuildTransferFunctionScriptingTraits (0ms)
		AnalyzeDomain (1453ms)
			TypeCache.Refresh (145ms)
				TypeCache.ScanAssembly (0ms)
			BuildScriptInfoCaches (1243ms)
			ResolveRequiredComponents (52ms)
	FinalizeReload (7295ms)
		ReleaseScriptCaches (0ms)
		RebuildScriptCaches (0ms)
		SetupLoadedEditorAssemblies (5471ms)
			LogAssemblyErrors (0ms)
			InitializePlatformSupportModulesInManaged (27ms)
			SetLoadedEditorAssemblies (53ms)
			BeforeProcessingInitializeOnLoad (1376ms)
			ProcessInitializeOnLoadAttributes (2283ms)
			ProcessInitializeOnLoadMethodAttributes (1680ms)
			AfterProcessingInitializeOnLoad (51ms)
			EditorAssembliesLoaded (1ms)
		ExecutionOrderSort2 (0ms)
		AwakeInstancesAfterBackupRestoration (83ms)
Refreshing native plugins compatible for Editor in 51.77 ms, found 6 plugins.
Preloading 0 native plugins for Editor in 0.00 ms.
Unloading 0 Unused Serialized files (Serialized files now loaded: 0)
Unloading 3522 unused Assets / (132.0 KB). Loaded Objects now: 4011.
Memory consumption went from 85.7 MB to 85.5 MB.
Total: 39.842900 ms (FindLiveObjects: 1.805500 ms CreateObjectMapping: 1.710800 ms MarkObjects: 33.669400 ms  DeleteObjects: 2.653500 ms)

Prepare: number of updated asset objects reloaded= 0
