Using pre-set license
Built from '6000.0/staging' branch; Version is '6000.0.48f1 (170d2541580d) revision 1510693'; Using compiler version '193933523'; Build Type 'Release'
OS: 'Windows 11  (10.0.26100) 64bit Professional' Language: 'pt' Physical Memory: 3737 MB
BatchMode: 1, IsHumanControllingUs: 0, StartBugReporterOnCrash: 0, Is64bit: 1, IsPro: 1

COMMAND LINE ARGUMENTS:
C:\Program Files\Unity\Hub\Editor\6000.0.48f1\Editor\Unity.exe
-adb2
-batchMode
-noUpm
-name
AssetImportWorker2
-projectPath
C:/Users/Lenovo/OneDrive/Documentos/versaoTCC/versaoTCC
-logFile
Logs/AssetImportWorker2.log
-srvPort
50664
-job-worker-count
1
-background-job-worker-count
8
-gc-helper-count
1
Successfully changed project path to: C:/Users/Lenovo/OneDrive/Documentos/versaoTCC/versaoTCC
C:/Users/Lenovo/OneDrive/Documentos/versaoTCC/versaoTCC
[UnityMemory] Configuration Parameters - Can be set up in boot.config
    "memorysetup-bucket-allocator-granularity=16"
    "memorysetup-bucket-allocator-bucket-count=8"
    "memorysetup-bucket-allocator-block-size=33554432"
    "memorysetup-bucket-allocator-block-count=8"
    "memorysetup-main-allocator-block-size=16777216"
    "memorysetup-thread-allocator-block-size=16777216"
    "memorysetup-gfx-main-allocator-block-size=16777216"
    "memorysetup-gfx-thread-allocator-block-size=16777216"
    "memorysetup-cache-allocator-block-size=4194304"
    "memorysetup-typetree-allocator-block-size=2097152"
    "memorysetup-profiler-bucket-allocator-granularity=16"
    "memorysetup-profiler-bucket-allocator-bucket-count=8"
    "memorysetup-profiler-bucket-allocator-block-size=33554432"
    "memorysetup-profiler-bucket-allocator-block-count=8"
    "memorysetup-profiler-allocator-block-size=16777216"
    "memorysetup-profiler-editor-allocator-block-size=1048576"
    "memorysetup-temp-allocator-size-main=16777216"
    "memorysetup-job-temp-allocator-block-size=2097152"
    "memorysetup-job-temp-allocator-block-size-background=1048576"
    "memorysetup-job-temp-allocator-reduction-small-platforms=262144"
    "memorysetup-allocator-temp-initial-block-size-main=262144"
    "memorysetup-allocator-temp-initial-block-size-worker=262144"
    "memorysetup-temp-allocator-size-background-worker=32768"
    "memorysetup-temp-allocator-size-job-worker=262144"
    "memorysetup-temp-allocator-size-preload-manager=33554432"
    "memorysetup-temp-allocator-size-nav-mesh-worker=65536"
    "memorysetup-temp-allocator-size-audio-worker=65536"
    "memorysetup-temp-allocator-size-cloud-worker=32768"
    "memorysetup-temp-allocator-size-gi-baking-worker=262144"
    "memorysetup-temp-allocator-size-gi-baking-worker=262144"
    "memorysetup-temp-allocator-size-gi-baking-worker=262144"
    "memorysetup-temp-allocator-size-gi-baking-worker=262144"
    "memorysetup-temp-allocator-size-gi-baking-worker=262144"
    "memorysetup-temp-allocator-size-gfx=262144"
Player connection [1336]  Target information:

Player connection [1336]  * "[IP] 192.168.8.20 [Port] 0 [Flags] 2 [Guid] 2410868144 [EditorId] 2410868144 [Version] 1048832 [Id] WindowsEditor(7,DESKTOP-5JIOCJN) [Debug] 1 [PackageName] WindowsEditor [ProjectName] Editor" 

Player connection [1336] Host joined multi-casting on [225.0.0.222:54997]...
Player connection [1336] Host joined alternative multi-casting on [225.0.0.222:34997]...
JobSystem: Creating JobQueue using job-worker-count value 1
Input System module state changed to: Initialized.
[Physics::Module] Initialized fallback backend.
[Physics::Module] Id: 0xdecafbad
Library Redirect Path: Library/
[Physics::Module] Selected backend.
[Physics::Module] Name: PhysX
[Physics::Module] Id: 0xf2b8ea05
[Physics::Module] SDK Version: 4.1.2
[Physics::Module] Integration Version: 1.0.0
[Physics::Module] Threading Mode: Multi-Threaded
Refreshing native plugins compatible for Editor in 89.54 ms, found 6 plugins.
Preloading 0 native plugins for Editor in 0.00 ms.
Initialize engine version: 6000.0.48f1 (170d2541580d)
[Subsystems] Discovering subsystems at path C:/Program Files/Unity/Hub/Editor/6000.0.48f1/Editor/Data/Resources/UnitySubsystems
[Subsystems] Discovering subsystems at path C:/Users/Lenovo/OneDrive/Documentos/versaoTCC/versaoTCC/Assets
GfxDevice: creating device client; kGfxThreadingModeNonThreaded
Direct3D:
    Version:  Direct3D 11.0 [level 11.1]
    Renderer: Intel(R) UHD Graphics 600 (ID=0x3185)
    Vendor:   Intel
    VRAM:     1868 MB
    Driver:   31.0.101.1999
Initialize mono
Mono path[0] = 'C:/Program Files/Unity/Hub/Editor/6000.0.48f1/Editor/Data/Managed'
Mono path[1] = 'C:/Program Files/Unity/Hub/Editor/6000.0.48f1/Editor/Data/MonoBleedingEdge/lib/mono/unityjit-win32'
Mono config path = 'C:/Program Files/Unity/Hub/Editor/6000.0.48f1/Editor/Data/MonoBleedingEdge/etc'
Using monoOptions --debugger-agent=transport=dt_socket,embedding=1,server=y,suspend=n,address=127.0.0.1:56544
Begin MonoManager ReloadAssembly
Registering precompiled unity dll's ...
Register platform support module: C:/Program Files/Unity/Hub/Editor/6000.0.48f1/Editor/Data/PlaybackEngines/WindowsStandaloneSupport/UnityEditor.WindowsStandalone.Extensions.dll
Registered in 0.068159 seconds.
- Loaded All Assemblies, in 18.276 seconds
Native extension for WindowsStandalone target not found
Mono: successfully reloaded assembly
- Finished resetting the current domain, in 16.600 seconds
Domain Reload Profiling: 34817ms
	BeginReloadAssembly (10266ms)
		ExecutionOrderSort (0ms)
		DisableScriptedObjects (0ms)
		BackupInstance (0ms)
		ReleaseScriptingObjects (0ms)
		CreateAndSetChildDomain (23ms)
	RebuildCommonClasses (1696ms)
	RebuildNativeTypeToScriptingClass (97ms)
	initialDomainReloadingComplete (2673ms)
	LoadAllAssembliesAndSetupDomain (3474ms)
		LoadAssemblies (10262ms)
		RebuildTransferFunctionScriptingTraits (0ms)
		AnalyzeDomain (3314ms)
			TypeCache.Refresh (3279ms)
				TypeCache.ScanAssembly (3123ms)
			BuildScriptInfoCaches (1ms)
			ResolveRequiredComponents (29ms)
	FinalizeReload (16611ms)
		ReleaseScriptCaches (0ms)
		RebuildScriptCaches (0ms)
		SetupLoadedEditorAssemblies (14366ms)
			LogAssemblyErrors (0ms)
			InitializePlatformSupportModulesInManaged (475ms)
			SetLoadedEditorAssemblies (169ms)
			BeforeProcessingInitializeOnLoad (8644ms)
			ProcessInitializeOnLoadAttributes (4361ms)
			ProcessInitializeOnLoadMethodAttributes (712ms)
			AfterProcessingInitializeOnLoad (1ms)
			EditorAssembliesLoaded (3ms)
		ExecutionOrderSort2 (0ms)
		AwakeInstancesAfterBackupRestoration (0ms)
========================================================================
Worker process is ready to serve import requests
Import Worker Mode flag is 0x00
Begin MonoManager ReloadAssembly
Symbol file LoadedFromMemory is not a mono symbol file
- Loaded All Assemblies, in 55.209 seconds
Refreshing native plugins compatible for Editor in 140.13 ms, found 6 plugins.
Native extension for WindowsStandalone target not found
Refreshing native plugins compatible for Editor in 379.00 ms, found 6 plugins.
Mono: successfully reloaded assembly
- Finished resetting the current domain, in 14.143 seconds
Domain Reload Profiling: 66630ms
	BeginReloadAssembly (11589ms)
		ExecutionOrderSort (0ms)
		DisableScriptedObjects (52ms)
		BackupInstance (0ms)
		ReleaseScriptingObjects (1ms)
		CreateAndSetChildDomain (788ms)
	RebuildCommonClasses (870ms)
	RebuildNativeTypeToScriptingClass (196ms)
	initialDomainReloadingComplete (4644ms)
	LoadAllAssembliesAndSetupDomain (35174ms)
		LoadAssemblies (32353ms)
		RebuildTransferFunctionScriptingTraits (0ms)
		AnalyzeDomain (13278ms)
			TypeCache.Refresh (7028ms)
				TypeCache.ScanAssembly (4641ms)
			BuildScriptInfoCaches (4801ms)
			ResolveRequiredComponents (545ms)
	FinalizeReload (14158ms)
		ReleaseScriptCaches (0ms)
		RebuildScriptCaches (0ms)
		SetupLoadedEditorAssemblies (12210ms)
			LogAssemblyErrors (0ms)
			InitializePlatformSupportModulesInManaged (21ms)
			SetLoadedEditorAssemblies (30ms)
			BeforeProcessingInitializeOnLoad (1309ms)
			ProcessInitializeOnLoadAttributes (4668ms)
			ProcessInitializeOnLoadMethodAttributes (6027ms)
			AfterProcessingInitializeOnLoad (146ms)
			EditorAssembliesLoaded (8ms)
		ExecutionOrderSort2 (8ms)
		AwakeInstancesAfterBackupRestoration (93ms)
Launched and connected shader compiler UnityShaderCompiler.exe after 0.15 seconds
Refreshing native plugins compatible for Editor in 646.82 ms, found 6 plugins.
Preloading 0 native plugins for Editor in 0.00 ms.
Unloading 33 Unused Serialized files (Serialized files now loaded: 0)
Unloading 3524 unused Assets / (3.1 MB). Loaded Objects now: 3995.
Memory consumption went from 88.3 MB to 85.2 MB.
Total: 453.572300 ms (FindLiveObjects: 2.730100 ms CreateObjectMapping: 1.631100 ms MarkObjects: 429.317000 ms  DeleteObjects: 19.886100 ms)

========================================================================
Received Import Request.
  Time since last request: 32281.551265 seconds.
  path: Assets/Scripts/GerenciadorMissoes.cs
  artifactKey: Guid(67e41125d28ff9f4f8afcdf59026bcd5) Importer(815301076,1909f56bfc062723c751e8b465ee728b)
Start importing Assets/Scripts/GerenciadorMissoes.cs using Guid(67e41125d28ff9f4f8afcdf59026bcd5) Importer(815301076,1909f56bfc062723c751e8b465ee728b) (PreviewImporter) -> (artifact id: '3d5f31a8d265f2b498cb707a53ca5aaf') in 0.0692219 seconds
Number of updated asset objects reloaded before import = 0Number of asset objects unloaded after import = 0

========================================================================
Received Prepare
Begin MonoManager ReloadAssembly
Symbol file LoadedFromMemory is not a mono symbol file
- Loaded All Assemblies, in 23.420 seconds
Refreshing native plugins compatible for Editor in 56.94 ms, found 6 plugins.
Native extension for WindowsStandalone target not found
Mono: successfully reloaded assembly
- Finished resetting the current domain, in  9.849 seconds
Domain Reload Profiling: 33309ms
	BeginReloadAssembly (10003ms)
		ExecutionOrderSort (4ms)
		DisableScriptedObjects (406ms)
		BackupInstance (0ms)
		ReleaseScriptingObjects (9ms)
		CreateAndSetChildDomain (4047ms)
	RebuildCommonClasses (246ms)
	RebuildNativeTypeToScriptingClass (107ms)
	initialDomainReloadingComplete (237ms)
	LoadAllAssembliesAndSetupDomain (12860ms)
		LoadAssemblies (11063ms)
		RebuildTransferFunctionScriptingTraits (0ms)
		AnalyzeDomain (4551ms)
			TypeCache.Refresh (219ms)
				TypeCache.ScanAssembly (55ms)
			BuildScriptInfoCaches (4202ms)
			ResolveRequiredComponents (73ms)
	FinalizeReload (9856ms)
		ReleaseScriptCaches (0ms)
		RebuildScriptCaches (0ms)
		SetupLoadedEditorAssemblies (9003ms)
			LogAssemblyErrors (0ms)
			InitializePlatformSupportModulesInManaged (19ms)
			SetLoadedEditorAssemblies (25ms)
			BeforeProcessingInitializeOnLoad (2727ms)
			ProcessInitializeOnLoadAttributes (3845ms)
			ProcessInitializeOnLoadMethodAttributes (2362ms)
			AfterProcessingInitializeOnLoad (15ms)
			EditorAssembliesLoaded (9ms)
		ExecutionOrderSort2 (0ms)
		AwakeInstancesAfterBackupRestoration (30ms)
Refreshing native plugins compatible for Editor in 318.04 ms, found 6 plugins.
Preloading 0 native plugins for Editor in 0.00 ms.
Unloading 0 Unused Serialized files (Serialized files now loaded: 0)
Unloading 3522 unused Assets / (3.6 MB). Loaded Objects now: 3999.
Memory consumption went from 82.0 MB to 78.3 MB.
Total: 588.314000 ms (FindLiveObjects: 2.653600 ms CreateObjectMapping: 1.423000 ms MarkObjects: 515.620300 ms  DeleteObjects: 68.605500 ms)

Prepare: number of updated asset objects reloaded= 0
========================================================================
Received Import Request.
  Time since last request: 317.501596 seconds.
  path: Assets/Scripts/GerenciadorMissoes.cs
  artifactKey: Guid(67e41125d28ff9f4f8afcdf59026bcd5) Importer(815301076,1909f56bfc062723c751e8b465ee728b)
Start importing Assets/Scripts/GerenciadorMissoes.cs using Guid(67e41125d28ff9f4f8afcdf59026bcd5) Importer(815301076,1909f56bfc062723c751e8b465ee728b) (PreviewImporter) -> (artifact id: '6323c71aefa45dd600d16cafdbce1cb5') in 0.0395459 seconds
Number of updated asset objects reloaded before import = 0Number of asset objects unloaded after import = 0

========================================================================
Received Prepare
